{"/Users/vaishnaviv/Desktop/esop-trading-ui/src/script/createOrder.js": {"path":"/Users/vaishnaviv/Desktop/esop-trading-ui/src/script/createOrder.js","statementMap":{"0":{"start":{"line":7,"column":28},"end":{"line":7,"column":50}},"1":{"start":{"line":8,"column":25},"end":{"line":8,"column":73}},"2":{"start":{"line":9,"column":8},"end":{"line":9,"column":30}},"3":{"start":{"line":11,"column":8},"end":{"line":11,"column":29}},"4":{"start":{"line":12,"column":27},"end":{"line":12,"column":54}},"5":{"start":{"line":13,"column":25},"end":{"line":13,"column":74}},"6":{"start":{"line":15,"column":8},"end":{"line":15,"column":37}},"7":{"start":{"line":19,"column":21},"end":{"line":19,"column":42}},"8":{"start":{"line":21,"column":8},"end":{"line":28,"column":9}},"9":{"start":{"line":22,"column":12},"end":{"line":22,"column":35}},"10":{"start":{"line":23,"column":12},"end":{"line":23,"column":39}},"11":{"start":{"line":24,"column":12},"end":{"line":24,"column":33}},"12":{"start":{"line":26,"column":12},"end":{"line":26,"column":34}},"13":{"start":{"line":27,"column":12},"end":{"line":27,"column":38}},"14":{"start":{"line":30,"column":21},"end":{"line":32,"column":5}},"15":{"start":{"line":31,"column":8},"end":{"line":31,"column":56}},"16":{"start":{"line":35,"column":29},"end":{"line":35,"column":58}},"17":{"start":{"line":36,"column":8},"end":{"line":36,"column":65}},"18":{"start":{"line":42,"column":26},"end":{"line":42,"column":59}},"19":{"start":{"line":43,"column":8},"end":{"line":48,"column":9}},"20":{"start":{"line":43,"column":21},"end":{"line":43,"column":22}},"21":{"start":{"line":44,"column":33},"end":{"line":44,"column":61}},"22":{"start":{"line":45,"column":12},"end":{"line":45,"column":52}},"23":{"start":{"line":46,"column":12},"end":{"line":46,"column":46}},"24":{"start":{"line":47,"column":12},"end":{"line":47,"column":42}},"25":{"start":{"line":49,"column":8},"end":{"line":49,"column":40}},"26":{"start":{"line":53,"column":27},"end":{"line":57,"column":40}},"27":{"start":{"line":59,"column":8},"end":{"line":61,"column":9}},"28":{"start":{"line":60,"column":12},"end":{"line":60,"column":57}},"29":{"start":{"line":63,"column":8},"end":{"line":63,"column":27}},"30":{"start":{"line":68,"column":26},"end":{"line":68,"column":68}},"31":{"start":{"line":69,"column":22},"end":{"line":69,"column":60}},"32":{"start":{"line":70,"column":25},"end":{"line":70,"column":66}},"33":{"start":{"line":71,"column":25},"end":{"line":71,"column":66}},"34":{"start":{"line":73,"column":8},"end":{"line":78,"column":10}},"35":{"start":{"line":82,"column":8},"end":{"line":82,"column":58}},"36":{"start":{"line":83,"column":8},"end":{"line":83,"column":53}},"37":{"start":{"line":84,"column":8},"end":{"line":84,"column":56}},"38":{"start":{"line":85,"column":8},"end":{"line":85,"column":65}},"39":{"start":{"line":89,"column":24},"end":{"line":89,"column":66}},"40":{"start":{"line":90,"column":8},"end":{"line":94,"column":9}},"41":{"start":{"line":91,"column":12},"end":{"line":91,"column":73}},"42":{"start":{"line":93,"column":12},"end":{"line":93,"column":73}}},"fnMap":{"0":{"name":"(anonymous_0)","decl":{"start":{"line":6,"column":4},"end":{"line":6,"column":5}},"loc":{"start":{"line":6,"column":29},"end":{"line":16,"column":5}},"line":6},"1":{"name":"(anonymous_1)","decl":{"start":{"line":18,"column":4},"end":{"line":18,"column":5}},"loc":{"start":{"line":18,"column":35},"end":{"line":29,"column":5}},"line":18},"2":{"name":"(anonymous_2)","decl":{"start":{"line":30,"column":21},"end":{"line":30,"column":22}},"loc":{"start":{"line":30,"column":27},"end":{"line":32,"column":5}},"line":30},"3":{"name":"(anonymous_3)","decl":{"start":{"line":34,"column":1},"end":{"line":34,"column":2}},"loc":{"start":{"line":34,"column":20},"end":{"line":37,"column":5}},"line":34},"4":{"name":"(anonymous_4)","decl":{"start":{"line":41,"column":1},"end":{"line":41,"column":2}},"loc":{"start":{"line":41,"column":23},"end":{"line":50,"column":5}},"line":41},"5":{"name":"(anonymous_5)","decl":{"start":{"line":52,"column":1},"end":{"line":52,"column":2}},"loc":{"start":{"line":52,"column":26},"end":{"line":64,"column":5}},"line":52},"6":{"name":"(anonymous_6)","decl":{"start":{"line":66,"column":1},"end":{"line":66,"column":2}},"loc":{"start":{"line":66,"column":11},"end":{"line":79,"column":5}},"line":66},"7":{"name":"(anonymous_7)","decl":{"start":{"line":81,"column":1},"end":{"line":81,"column":2}},"loc":{"start":{"line":81,"column":24},"end":{"line":86,"column":5}},"line":81},"8":{"name":"(anonymous_8)","decl":{"start":{"line":88,"column":1},"end":{"line":88,"column":2}},"loc":{"start":{"line":88,"column":18},"end":{"line":95,"column":5}},"line":88}},"branchMap":{"0":{"loc":{"start":{"line":21,"column":8},"end":{"line":28,"column":9}},"type":"if","locations":[{"start":{"line":21,"column":8},"end":{"line":28,"column":9}},{"start":{"line":25,"column":15},"end":{"line":28,"column":9}}],"line":21},"1":{"loc":{"start":{"line":59,"column":8},"end":{"line":61,"column":9}},"type":"if","locations":[{"start":{"line":59,"column":8},"end":{"line":61,"column":9}},{"start":{},"end":{}}],"line":59},"2":{"loc":{"start":{"line":77,"column":24},"end":{"line":77,"column":66}},"type":"cond-expr","locations":[{"start":{"line":77,"column":46},"end":{"line":77,"column":54}},{"start":{"line":77,"column":57},"end":{"line":77,"column":66}}],"line":77},"3":{"loc":{"start":{"line":90,"column":8},"end":{"line":94,"column":9}},"type":"if","locations":[{"start":{"line":90,"column":8},"end":{"line":94,"column":9}},{"start":{"line":92,"column":15},"end":{"line":94,"column":9}}],"line":90}},"s":{"0":0,"1":0,"2":0,"3":0,"4":0,"5":0,"6":0,"7":0,"8":0,"9":0,"10":0,"11":0,"12":0,"13":0,"14":1,"15":0,"16":1,"17":1,"18":0,"19":0,"20":0,"21":0,"22":0,"23":0,"24":0,"25":0,"26":1,"27":1,"28":0,"29":1,"30":0,"31":0,"32":0,"33":0,"34":0,"35":0,"36":0,"37":0,"38":0,"39":0,"40":0,"41":0,"42":0},"f":{"0":0,"1":0,"2":0,"3":1,"4":0,"5":1,"6":0,"7":0,"8":0},"b":{"0":[0,0],"1":[0,1],"2":[0,0],"3":[0,0]},"_coverageSchema":"1a1c01bbd47fc00a2c39e90264f33305004495a9","hash":"e5af57ef6ba8fa46f37d145e4e5f9664284e8bdc"}
,"/Users/vaishnaviv/Desktop/esop-trading-ui/src/script/createOrderAPIService.js": {"path":"/Users/vaishnaviv/Desktop/esop-trading-ui/src/script/createOrderAPIService.js","statementMap":{"0":{"start":{"line":2,"column":20},"end":{"line":12,"column":5}},"1":{"start":{"line":3,"column":8},"end":{"line":11,"column":11}},"2":{"start":{"line":9,"column":28},"end":{"line":11,"column":10}},"3":{"start":{"line":10,"column":12},"end":{"line":10,"column":23}}},"fnMap":{"0":{"name":"(anonymous_0)","decl":{"start":{"line":2,"column":20},"end":{"line":2,"column":21}},"loc":{"start":{"line":2,"column":46},"end":{"line":12,"column":5}},"line":2},"1":{"name":"(anonymous_1)","decl":{"start":{"line":9,"column":16},"end":{"line":9,"column":17}},"loc":{"start":{"line":9,"column":28},"end":{"line":11,"column":10}},"line":9},"2":{"name":"(anonymous_2)","decl":{"start":{"line":9,"column":49},"end":{"line":9,"column":50}},"loc":{"start":{"line":9,"column":56},"end":{"line":11,"column":9}},"line":9}},"branchMap":{},"s":{"0":1,"1":3,"2":3,"3":3},"f":{"0":3,"1":3,"2":3},"b":{},"_coverageSchema":"1a1c01bbd47fc00a2c39e90264f33305004495a9","hash":"8b6dce637e16c63dad1fc41d314e0b62c44503b2"}
,"/Users/vaishnaviv/Desktop/esop-trading-ui/src/script/orderHistoryAPIService.js": {"path":"/Users/vaishnaviv/Desktop/esop-trading-ui/src/script/orderHistoryAPIService.js","statementMap":{"0":{"start":{"line":2,"column":22},"end":{"line":11,"column":5}},"1":{"start":{"line":3,"column":8},"end":{"line":10,"column":11}},"2":{"start":{"line":8,"column":28},"end":{"line":10,"column":10}},"3":{"start":{"line":9,"column":12},"end":{"line":9,"column":23}}},"fnMap":{"0":{"name":"(anonymous_0)","decl":{"start":{"line":2,"column":22},"end":{"line":2,"column":23}},"loc":{"start":{"line":2,"column":42},"end":{"line":11,"column":5}},"line":2},"1":{"name":"(anonymous_1)","decl":{"start":{"line":8,"column":16},"end":{"line":8,"column":17}},"loc":{"start":{"line":8,"column":28},"end":{"line":10,"column":10}},"line":8},"2":{"name":"(anonymous_2)","decl":{"start":{"line":8,"column":49},"end":{"line":8,"column":50}},"loc":{"start":{"line":8,"column":56},"end":{"line":10,"column":9}},"line":8}},"branchMap":{},"s":{"0":1,"1":2,"2":2,"3":2},"f":{"0":2,"1":2,"2":2},"b":{},"_coverageSchema":"1a1c01bbd47fc00a2c39e90264f33305004495a9","hash":"3e1e9b978970ce9308cee942d4183b1e0b6e9e05"}
}
